{"/Users/melanie/Developer/melkat-link/components/bookmark.js": {"path":"/Users/melanie/Developer/melkat-link/components/bookmark.js","statementMap":{"0":{"start":{"line":10,"column":11},"end":{"line":20,"column":1}},"1":{"start":{"line":22,"column":17},"end":{"line":74,"column":1}},"2":{"start":{"line":23,"column":2},"end":{"line":23,"column":34}},"3":{"start":{"line":23,"column":23},"end":{"line":23,"column":34}},"4":{"start":{"line":24,"column":17},"end":{"line":24,"column":32}},"5":{"start":{"line":25,"column":15},"end":{"line":25,"column":32}},"6":{"start":{"line":26,"column":26},"end":{"line":26,"column":53}},"7":{"start":{"line":27,"column":34},"end":{"line":27,"column":50}},"8":{"start":{"line":29,"column":2},"end":{"line":73,"column":3}},"9":{"start":{"line":63,"column":10},"end":{"line":69,"column":15}},"10":{"start":{"line":76,"column":0},"end":{"line":82,"column":1}},"11":{"start":{"line":84,"column":0},"end":{"line":90,"column":1}}},"fnMap":{"0":{"name":"(anonymous_0)","decl":{"start":{"line":22,"column":17},"end":{"line":22,"column":18}},"loc":{"start":{"line":22,"column":70},"end":{"line":74,"column":1}},"line":22},"1":{"name":"(anonymous_1)","decl":{"start":{"line":62,"column":19},"end":{"line":62,"column":20}},"loc":{"start":{"line":63,"column":10},"end":{"line":69,"column":15}},"line":63}},"branchMap":{"0":{"loc":{"start":{"line":23,"column":2},"end":{"line":23,"column":34}},"type":"if","locations":[{"start":{"line":23,"column":2},"end":{"line":23,"column":34}},{"start":{"line":23,"column":2},"end":{"line":23,"column":34}}],"line":23},"1":{"loc":{"start":{"line":23,"column":6},"end":{"line":23,"column":21}},"type":"binary-expr","locations":[{"start":{"line":23,"column":6},"end":{"line":23,"column":12}},{"start":{"line":23,"column":16},"end":{"line":23,"column":21}}],"line":23},"2":{"loc":{"start":{"line":31,"column":7},"end":{"line":40,"column":7}},"type":"binary-expr","locations":[{"start":{"line":31,"column":7},"end":{"line":31,"column":12}},{"start":{"line":32,"column":8},"end":{"line":39,"column":14}}],"line":31}},"s":{"0":1,"1":1,"2":2,"3":1,"4":1,"5":1,"6":1,"7":1,"8":1,"9":4,"10":1,"11":1},"f":{"0":2,"1":4},"b":{"0":[1,1],"1":[2,1],"2":[1,1]},"_coverageSchema":"1a1c01bbd47fc00a2c39e90264f33305004495a9","hash":"ba64cf2ac853186103ac502045cf96d0bcb6c8a8"}
,"/Users/melanie/Developer/melkat-link/components/layout.js": {"path":"/Users/melanie/Developer/melkat-link/components/layout.js","statementMap":{"0":{"start":{"line":5,"column":11},"end":{"line":11,"column":1}},"1":{"start":{"line":13,"column":15},"end":{"line":76,"column":1}},"2":{"start":{"line":14,"column":2},"end":{"line":75,"column":3}},"3":{"start":{"line":78,"column":0},"end":{"line":83,"column":1}},"4":{"start":{"line":85,"column":0},"end":{"line":89,"column":1}}},"fnMap":{"0":{"name":"(anonymous_0)","decl":{"start":{"line":13,"column":15},"end":{"line":13,"column":16}},"loc":{"start":{"line":13,"column":64},"end":{"line":76,"column":1}},"line":13}},"branchMap":{},"s":{"0":1,"1":1,"2":2,"3":1,"4":1},"f":{"0":2},"b":{},"_coverageSchema":"1a1c01bbd47fc00a2c39e90264f33305004495a9","hash":"f6d83275bec76c50aac45f059e052d50f62571f7"}
,"/Users/melanie/Developer/melkat-link/utils/filterByDomain.js": {"path":"/Users/melanie/Developer/melkat-link/utils/filterByDomain.js","statementMap":{"0":{"start":{"line":5,"column":23},"end":{"line":11,"column":1}},"1":{"start":{"line":6,"column":2},"end":{"line":6,"column":38}},"2":{"start":{"line":6,"column":29},"end":{"line":6,"column":38}},"3":{"start":{"line":8,"column":2},"end":{"line":10,"column":3}},"4":{"start":{"line":9,"column":4},"end":{"line":9,"column":54}}},"fnMap":{"0":{"name":"(anonymous_0)","decl":{"start":{"line":5,"column":23},"end":{"line":5,"column":24}},"loc":{"start":{"line":5,"column":46},"end":{"line":11,"column":1}},"line":5},"1":{"name":"(anonymous_1)","decl":{"start":{"line":8,"column":28},"end":{"line":8,"column":29}},"loc":{"start":{"line":9,"column":4},"end":{"line":9,"column":54}},"line":9}},"branchMap":{"0":{"loc":{"start":{"line":6,"column":2},"end":{"line":6,"column":38}},"type":"if","locations":[{"start":{"line":6,"column":2},"end":{"line":6,"column":38}},{"start":{"line":6,"column":2},"end":{"line":6,"column":38}}],"line":6},"1":{"loc":{"start":{"line":6,"column":6},"end":{"line":6,"column":27}},"type":"binary-expr","locations":[{"start":{"line":6,"column":6},"end":{"line":6,"column":17}},{"start":{"line":6,"column":21},"end":{"line":6,"column":27}}],"line":6}},"s":{"0":1,"1":2,"2":1,"3":1,"4":20},"f":{"0":2,"1":20},"b":{"0":[1,1],"1":[2,1]},"_coverageSchema":"1a1c01bbd47fc00a2c39e90264f33305004495a9","hash":"6cc2ff917fa9f0d2c8af18bf6023989e0a04333d"}
,"/Users/melanie/Developer/melkat-link/utils/filterByTag.js": {"path":"/Users/melanie/Developer/melkat-link/utils/filterByTag.js","statementMap":{"0":{"start":{"line":5,"column":20},"end":{"line":12,"column":1}},"1":{"start":{"line":6,"column":2},"end":{"line":6,"column":38}},"2":{"start":{"line":6,"column":29},"end":{"line":6,"column":38}},"3":{"start":{"line":7,"column":14},"end":{"line":7,"column":30}},"4":{"start":{"line":8,"column":2},"end":{"line":11,"column":4}},"5":{"start":{"line":9,"column":17},"end":{"line":9,"column":60}},"6":{"start":{"line":10,"column":4},"end":{"line":10,"column":33}}},"fnMap":{"0":{"name":"(anonymous_0)","decl":{"start":{"line":5,"column":20},"end":{"line":5,"column":21}},"loc":{"start":{"line":5,"column":43},"end":{"line":12,"column":1}},"line":5},"1":{"name":"(anonymous_1)","decl":{"start":{"line":8,"column":28},"end":{"line":8,"column":29}},"loc":{"start":{"line":8,"column":34},"end":{"line":11,"column":3}},"line":8}},"branchMap":{"0":{"loc":{"start":{"line":6,"column":2},"end":{"line":6,"column":38}},"type":"if","locations":[{"start":{"line":6,"column":2},"end":{"line":6,"column":38}},{"start":{"line":6,"column":2},"end":{"line":6,"column":38}}],"line":6},"1":{"loc":{"start":{"line":6,"column":6},"end":{"line":6,"column":27}},"type":"binary-expr","locations":[{"start":{"line":6,"column":6},"end":{"line":6,"column":17}},{"start":{"line":6,"column":21},"end":{"line":6,"column":27}}],"line":6}},"s":{"0":1,"1":2,"2":1,"3":1,"4":1,"5":20,"6":20},"f":{"0":2,"1":20},"b":{"0":[1,1],"1":[2,1]},"_coverageSchema":"1a1c01bbd47fc00a2c39e90264f33305004495a9","hash":"a161fa8cbe257b848bc1be5ba983678ea5c11d46"}
,"/Users/melanie/Developer/melkat-link/utils/getDate.js": {"path":"/Users/melanie/Developer/melkat-link/utils/getDate.js","statementMap":{"0":{"start":{"line":1,"column":16},"end":{"line":16,"column":1}},"1":{"start":{"line":2,"column":2},"end":{"line":2,"column":54}},"2":{"start":{"line":2,"column":16},"end":{"line":2,"column":54}},"3":{"start":{"line":3,"column":15},"end":{"line":3,"column":32}},"4":{"start":{"line":4,"column":18},"end":{"line":4,"column":36}},"5":{"start":{"line":5,"column":21},"end":{"line":13,"column":17}},"6":{"start":{"line":15,"column":2},"end":{"line":15,"column":32}}},"fnMap":{"0":{"name":"(anonymous_0)","decl":{"start":{"line":1,"column":16},"end":{"line":1,"column":17}},"loc":{"start":{"line":1,"column":29},"end":{"line":16,"column":1}},"line":1}},"branchMap":{"0":{"loc":{"start":{"line":2,"column":2},"end":{"line":2,"column":54}},"type":"if","locations":[{"start":{"line":2,"column":2},"end":{"line":2,"column":54}},{"start":{"line":2,"column":2},"end":{"line":2,"column":54}}],"line":2}},"s":{"0":2,"1":4,"2":1,"3":3,"4":3,"5":3,"6":3},"f":{"0":4},"b":{"0":[1,3]},"_coverageSchema":"1a1c01bbd47fc00a2c39e90264f33305004495a9","hash":"40572b50cd378838a436ffaac68b14b02e45d046"}
,"/Users/melanie/Developer/melkat-link/utils/getDescription.js": {"path":"/Users/melanie/Developer/melkat-link/utils/getDescription.js","statementMap":{"0":{"start":{"line":4,"column":23},"end":{"line":12,"column":1}},"1":{"start":{"line":5,"column":15},"end":{"line":5,"column":48}},"2":{"start":{"line":6,"column":15},"end":{"line":6,"column":54}},"3":{"start":{"line":7,"column":16},"end":{"line":10,"column":38}},"4":{"start":{"line":11,"column":2},"end":{"line":11,"column":24}}},"fnMap":{"0":{"name":"(anonymous_0)","decl":{"start":{"line":4,"column":23},"end":{"line":4,"column":24}},"loc":{"start":{"line":4,"column":40},"end":{"line":12,"column":1}},"line":4}},"branchMap":{},"s":{"0":2,"1":4,"2":4,"3":4,"4":4},"f":{"0":4},"b":{},"_coverageSchema":"1a1c01bbd47fc00a2c39e90264f33305004495a9","hash":"6c7a049af1d729b2d7849e0659647b8607483cdb"}
,"/Users/melanie/Developer/melkat-link/utils/getDomain.js": {"path":"/Users/melanie/Developer/melkat-link/utils/getDomain.js","statementMap":{"0":{"start":{"line":1,"column":18},"end":{"line":6,"column":1}},"1":{"start":{"line":2,"column":2},"end":{"line":5,"column":18}}},"fnMap":{"0":{"name":"(anonymous_0)","decl":{"start":{"line":1,"column":18},"end":{"line":1,"column":19}},"loc":{"start":{"line":2,"column":2},"end":{"line":5,"column":18}},"line":2}},"branchMap":{},"s":{"0":3,"1":24},"f":{"0":24},"b":{},"_coverageSchema":"1a1c01bbd47fc00a2c39e90264f33305004495a9","hash":"1ebc506ebf018ce7e868689870eeffa0bc674db3"}
,"/Users/melanie/Developer/melkat-link/utils/getTags.js": {"path":"/Users/melanie/Developer/melkat-link/utils/getTags.js","statementMap":{"0":{"start":{"line":6,"column":16},"end":{"line":8,"column":1}},"1":{"start":{"line":7,"column":2},"end":{"line":7,"column":51}},"2":{"start":{"line":7,"column":41},"end":{"line":7,"column":49}}},"fnMap":{"0":{"name":"(anonymous_0)","decl":{"start":{"line":6,"column":16},"end":{"line":6,"column":17}},"loc":{"start":{"line":7,"column":2},"end":{"line":7,"column":51}},"line":7},"1":{"name":"(anonymous_1)","decl":{"start":{"line":7,"column":35},"end":{"line":7,"column":36}},"loc":{"start":{"line":7,"column":41},"end":{"line":7,"column":49}},"line":7}},"branchMap":{},"s":{"0":2,"1":3,"2":8},"f":{"0":3,"1":8},"b":{},"_coverageSchema":"1a1c01bbd47fc00a2c39e90264f33305004495a9","hash":"490dfaa54e7ca52375acce9e84aa7a7daefee966"}
}
